<?xml version="1.0" encoding="UTF-8"?>
<testsuite xmlns:xsi="http://www.w3.org/2001/XMLSchema-instance" xsi:noNamespaceSchemaLocation="https://maven.apache.org/surefire/maven-surefire-plugin/xsd/surefire-test-report.xsd" version="3.0.2" name="br.com.fiap.fiapeats.TcFiapeatsMsPedidoApplicationTests" time="2.224" tests="1" errors="0" skipped="0" failures="0">
  <properties>
[...]
</properties>
  <testcase name="contextLoads" classname="br.com.fiap.fiapeats.TcFiapeatsMsPedidoApplicationTests" time="0.446">
    <system-out><![CDATA[16:14:34.277 [main] INFO org.springframework.test.context.support.AnnotationConfigContextLoaderUtils -- Could not detect default configuration classes for test class [br.com.fiap.fiapeats.TcFiapeatsMsPedidoApplicationTests]: TcFiapeatsMsPedidoApplicationTests does not declare any static, non-private, non-final, nested classes annotated with @Configuration.
16:14:34.363 [main] INFO org.springframework.boot.test.context.SpringBootTestContextBootstrapper -- Found @SpringBootConfiguration br.com.fiap.fiapeats.TcFiapeatsMsPedidoApplication for test class br.com.fiap.fiapeats.TcFiapeatsMsPedidoApplicationTests

  .   ____          _            __ _ _
 /\\ / ___'_ __ _ _(_)_ __  __ _ \ \ \ \
( ( )\___ | '_ | '_| | '_ \/ _` | \ \ \ \
 \\/  ___)| |_)| | | | | || (_| |  ) ) ) )
  '  |____| .__|_| |_|_| |_\__, | / / / /
 =========|_|==============|___/=/_/_/_/

 :: Spring Boot ::                (v3.4.2)

2025-01-28T16:14:34.684-03:00  INFO 20952 --- [tc-fiapeats-ms-pedido] [           main] c.f.f.TcFiapeatsMsPedidoApplicationTests : Starting TcFiapeatsMsPedidoApplicationTests using Java 17.0.11 with PID 20952 (started by dilanlima in /Users/dilanlima/Desktop/workspace/tc-fiapeats-ms-pedido)
2025-01-28T16:14:34.685-03:00  INFO 20952 --- [tc-fiapeats-ms-pedido] [           main] c.f.f.TcFiapeatsMsPedidoApplicationTests : No active profile set, falling back to 1 default profile: "default"
2025-01-28T16:14:35.390-03:00  INFO 20952 --- [tc-fiapeats-ms-pedido] [           main] o.s.v.b.OptionalValidatorFactoryBean     : Failed to set up a Bean Validation provider: jakarta.validation.NoProviderFoundException: Unable to create a Configuration, because no Jakarta Bean Validation provider could be found. Add a provider like Hibernate Validator (RI) to your classpath.
2025-01-28T16:14:35.913-03:00  INFO 20952 --- [tc-fiapeats-ms-pedido] [           main] c.f.f.TcFiapeatsMsPedidoApplicationTests : Started TcFiapeatsMsPedidoApplicationTests in 1.454 seconds (process running for 2.15)
]]></system-out>
  </testcase>
</testsuite>