<?xml version="1.0" encoding="UTF-8"?>
<testsuite xmlns:xsi="http://www.w3.org/2001/XMLSchema-instance" xsi:noNamespaceSchemaLocation="https://maven.apache.org/surefire/maven-surefire-plugin/xsd/surefire-test-report.xsd" version="3.0.2" name="br.com.fiap.fiapeats.TcFiapeatsMsPedidoApplicationTests" time="3.102" tests="1" errors="0" skipped="0" failures="0">
  <properties>
[...]
</properties>
  <testcase name="contextLoads" classname="br.com.fiap.fiapeats.TcFiapeatsMsPedidoApplicationTests" time="0.445">
    <system-out><![CDATA[16:08:12.871 [main] INFO org.springframework.test.context.support.AnnotationConfigContextLoaderUtils -- Could not detect default configuration classes for test class [br.com.fiap.fiapeats.TcFiapeatsMsPedidoApplicationTests]: TcFiapeatsMsPedidoApplicationTests does not declare any static, non-private, non-final, nested classes annotated with @Configuration.
16:08:12.969 [main] INFO org.springframework.boot.test.context.SpringBootTestContextBootstrapper -- Found @SpringBootConfiguration br.com.fiap.fiapeats.TcFiapeatsMsPedidoApplication for test class br.com.fiap.fiapeats.TcFiapeatsMsPedidoApplicationTests

  .   ____          _            __ _ _
 /\\ / ___'_ __ _ _(_)_ __  __ _ \ \ \ \
( ( )\___ | '_ | '_| | '_ \/ _` | \ \ \ \
 \\/  ___)| |_)| | | | | || (_| |  ) ) ) )
  '  |____| .__|_| |_|_| |_\__, | / / / /
 =========|_|==============|___/=/_/_/_/

 :: Spring Boot ::                (v3.4.2)

2025-01-29T16:08:13.510-03:00  INFO 41791 --- [tc-fiapeats-ms-pedido] [           main] c.f.f.TcFiapeatsMsPedidoApplicationTests : Starting TcFiapeatsMsPedidoApplicationTests using Java 17.0.11 with PID 41791 (started by dilanlima in /Users/dilanlima/Desktop/workspace/tc-fiapeats-ms-pedido)
2025-01-29T16:08:13.511-03:00  INFO 41791 --- [tc-fiapeats-ms-pedido] [           main] c.f.f.TcFiapeatsMsPedidoApplicationTests : No active profile set, falling back to 1 default profile: "default"
2025-01-29T16:08:13.986-03:00  INFO 41791 --- [tc-fiapeats-ms-pedido] [           main] .s.d.r.c.RepositoryConfigurationDelegate : Bootstrapping Spring Data MongoDB repositories in DEFAULT mode.
2025-01-29T16:08:14.018-03:00  INFO 41791 --- [tc-fiapeats-ms-pedido] [           main] .s.d.r.c.RepositoryConfigurationDelegate : Finished Spring Data repository scanning in 28 ms. Found 1 MongoDB repository interface.
2025-01-29T16:08:14.127-03:00  INFO 41791 --- [tc-fiapeats-ms-pedido] [           main] o.s.cloud.context.scope.GenericScope     : BeanFactory id=431cd0bb-f511-3e29-b042-5889e97620c8
2025-01-29T16:08:14.417-03:00  INFO 41791 --- [tc-fiapeats-ms-pedido] [           main] org.mongodb.driver.client                : MongoClient with metadata {"driver": {"name": "mongo-java-driver|sync|spring-boot", "version": "5.2.1"}, "os": {"type": "Darwin", "name": "Mac OS X", "architecture": "aarch64", "version": "15.2"}, "platform": "Java/Amazon.com Inc./17.0.11+9-LTS"} created with settings MongoClientSettings{readPreference=primary, writeConcern=WriteConcern{w=null, wTimeout=null ms, journal=null}, retryWrites=true, retryReads=true, readConcern=ReadConcern{level=null}, credential=MongoCredential{mechanism=null, userName='admin', source='admin', password=<hidden>, mechanismProperties=<hidden>}, transportSettings=null, commandListeners=[], codecRegistry=ProvidersCodecRegistry{codecProviders=[ValueCodecProvider{}, BsonValueCodecProvider{}, DBRefCodecProvider{}, DBObjectCodecProvider{}, DocumentCodecProvider{}, CollectionCodecProvider{}, IterableCodecProvider{}, MapCodecProvider{}, GeoJsonCodecProvider{}, GridFSFileCodecProvider{}, Jsr310CodecProvider{}, JsonObjectCodecProvider{}, BsonCodecProvider{}, EnumCodecProvider{}, com.mongodb.client.model.mql.ExpressionCodecProvider@69497a36, com.mongodb.Jep395RecordCodecProvider@497f8a4b, com.mongodb.KotlinCodecProvider@6d952747]}, loggerSettings=LoggerSettings{maxDocumentLength=1000}, clusterSettings={hosts=[localhost:27017], srvServiceName=mongodb, mode=SINGLE, requiredClusterType=UNKNOWN, requiredReplicaSetName='null', serverSelector='null', clusterListeners='[]', serverSelectionTimeout='30000 ms', localThreshold='15 ms'}, socketSettings=SocketSettings{connectTimeoutMS=10000, readTimeoutMS=0, receiveBufferSize=0, proxySettings=ProxySettings{host=null, port=null, username=null, password=null}}, heartbeatSocketSettings=SocketSettings{connectTimeoutMS=10000, readTimeoutMS=10000, receiveBufferSize=0, proxySettings=ProxySettings{host=null, port=null, username=null, password=null}}, connectionPoolSettings=ConnectionPoolSettings{maxSize=100, minSize=0, maxWaitTimeMS=120000, maxConnectionLifeTimeMS=0, maxConnectionIdleTimeMS=0, maintenanceInitialDelayMS=0, maintenanceFrequencyMS=60000, connectionPoolListeners=[], maxConnecting=2}, serverSettings=ServerSettings{heartbeatFrequencyMS=10000, minHeartbeatFrequencyMS=500, serverMonitoringMode=AUTO, serverListeners='[]', serverMonitorListeners='[]'}, sslSettings=SslSettings{enabled=false, invalidHostNameAllowed=false, context=null}, applicationName='null', compressorList=[], uuidRepresentation=JAVA_LEGACY, serverApi=null, autoEncryptionSettings=null, dnsClient=null, inetAddressResolver=null, contextProvider=null, timeoutMS=null}
2025-01-29T16:08:14.443-03:00  INFO 41791 --- [tc-fiapeats-ms-pedido] [localhost:27017] org.mongodb.driver.cluster               : Monitor thread successfully connected to server with description ServerDescription{address=localhost:27017, type=STANDALONE, cryptd=false, state=CONNECTED, ok=true, minWireVersion=0, maxWireVersion=25, maxDocumentSize=16777216, logicalSessionTimeoutMinutes=30, roundTripTimeNanos=14673750, minRoundTripTimeNanos=0}
2025-01-29T16:08:14.677-03:00  INFO 41791 --- [tc-fiapeats-ms-pedido] [           main] o.s.v.b.OptionalValidatorFactoryBean     : Failed to set up a Bean Validation provider: jakarta.validation.NoProviderFoundException: Unable to create a Configuration, because no Jakarta Bean Validation provider could be found. Add a provider like Hibernate Validator (RI) to your classpath.
2025-01-29T16:08:15.383-03:00  INFO 41791 --- [tc-fiapeats-ms-pedido] [           main] c.f.f.TcFiapeatsMsPedidoApplicationTests : Started TcFiapeatsMsPedidoApplicationTests in 2.215 seconds (process running for 3.063)
]]></system-out>
  </testcase>
</testsuite>